[05:27:38] [main/WARN]: Ambiguity between arguments [teleport, destination] and [teleport, targets] with inputs: [Player, 0123, @e, dd12be42-52a9-4a91-a8a1-11c01849e498]
[05:27:38] [main/WARN]: Ambiguity between arguments [teleport, location] and [teleport, destination] with inputs: [0.1 -0.5 .9, 0 0 0]
[05:27:38] [main/WARN]: Ambiguity between arguments [teleport, location] and [teleport, targets] with inputs: [0.1 -0.5 .9, 0 0 0]
[05:27:38] [main/WARN]: Ambiguity between arguments [teleport, targets] and [teleport, destination] with inputs: [Player, 0123, dd12be42-52a9-4a91-a8a1-11c01849e498]
[05:27:38] [main/WARN]: Ambiguity between arguments [teleport, targets, location] and [teleport, targets, destination] with inputs: [0.1 -0.5 .9, 0 0 0]
[05:27:38] [main/INFO]: Loaded 0 recipes
[05:27:38] [main/INFO]: Loaded 0 advancements
[05:27:38] [Server thread/INFO]: Starting minecraft server version 1.13.2
[05:27:38] [Server thread/INFO]: Loading properties
[05:27:38] [Server thread/INFO]: Default game type: SURVIVAL
[05:27:38] [Server thread/INFO]: Generating keypair
[05:27:38] [Server thread/INFO]: Starting Minecraft server on *:80
[05:27:38] [Server thread/INFO]: Using epoll channel type
[05:27:38] [Server thread/WARN]: **** FAILED TO BIND TO PORT!
[05:27:38] [Server thread/WARN]: The exception was: io.netty.channel.unix.Errors$NativeIoException: bind(..) failed: Permission denied
[05:27:38] [Server thread/WARN]: Perhaps a server is already running on that port?
[05:27:38] [Server thread/INFO]: Stopping server
[05:27:38] [Server thread/INFO]: Saving worlds
[05:27:38] [Server Shutdown Thread/INFO]: Stopping server
[05:27:38] [Server Shutdown Thread/INFO]: Saving worlds
