#
# There is insufficient memory for the Java Runtime Environment to continue.
# Native memory allocation (mmap) failed to map 2147483648 bytes for committing reserved memory.
# Possible reasons:
#   The system is out of physical RAM or swap space
#   The process is running with CompressedOops enabled, and the Java Heap may be blocking the growth of the native heap
# Possible solutions:
#   Reduce memory load on the system
#   Increase physical memory or swap space
#   Check if swap backing store is full
#   Decrease Java heap size (-Xmx/-Xms)
#   Decrease number of Java threads
#   Decrease Java thread stack sizes (-Xss)
#   Set larger code cache with -XX:ReservedCodeCacheSize=
# This output file may be truncated or incomplete.
#
#  Out of Memory Error (os_linux.cpp:2706), pid=833, tid=834
#
# JRE version:  (10.0.2+13) (build )
# Java VM: OpenJDK 64-Bit Server VM (10.0.2+13-Ubuntu-1ubuntu0.18.04.1, mixed mode, aot, tiered, compressed oops, g1 gc, linux-amd64)
# Core dump will be written. Default location: Core dumps may be processed with "/usr/share/apport/apport %p %s %c %d %P" (or dumping to /root/ms02/core.833)
#

---------------  S U M M A R Y ------------

Command Line: -Xms2G -Xmx2G server.jar nogui %

Host: Intel(R) Xeon(R) CPU @ 2.00GHz, 2 cores, 2G, Ubuntu 18.04.1 LTS
Time: Sat Sep  8 18:57:16 2018 UTC elapsed time: 0 seconds (0d 0h 0m 0s)

---------------  T H R E A D  ---------------

Current thread (0x00007fa850011000):  JavaThread "Unknown thread" [_thread_in_vm, id=834, stack(0x00007fa85a10d000,0x00007fa85a20e000)]

Stack: [0x00007fa85a10d000,0x00007fa85a20e000],  sp=0x00007fa85a20c2e0,  free space=1020k
Native frames: (J=compiled Java code, A=aot compiled Java code, j=interpreted, Vv=VM code, C=native code)
V  [libjvm.so+0xd27e04]
V  [libjvm.so+0xd289ab]
V  [libjvm.so+0x64d415]
V  [libjvm.so+0xb2d728]
V  [libjvm.so+0xb25f7d]
V  [libjvm.so+0x7662ff]
V  [libjvm.so+0x76653e]
V  [libjvm.so+0x769500]
V  [libjvm.so+0x7efa1c]
V  [libjvm.so+0x7f06df]
V  [libjvm.so+0x7f0b59]
V  [libjvm.so+0x7162cf]
V  [libjvm.so+0x71afd3]
V  [libjvm.so+0xce5d22]
V  [libjvm.so+0xce6026]
V  [libjvm.so+0x807d57]
V  [libjvm.so+0xcc7a24]
V  [libjvm.so+0x8601b1]  JNI_CreateJavaVM+0x51
C  [libjli.so+0x3d83]
C  [libjli.so+0x89dd]
C  [libpthread.so.0+0x76db]  start_thread+0xdb


---------------  P R O C E S S  ---------------

Threads class SMR info:
_java_thread_list=0x000055bf909546b0, length=0, elements={
}

Java Threads: ( => current thread )

Other Threads:
  0x00007fa850027800 GCTaskThread "GC Thread#0" [stack: 0x00007fa856221000,0x00007fa856321000] [id=835]
  0x00007fa850029000 GCTaskThread "GC Thread#1" [stack: 0x00007fa85611f000,0x00007fa85621f000] [id=836]
  0x00007fa850053800 ConcurrentGCThread "G1 Main Marker" [stack: 0x00007fa85521b000,0x00007fa85531b000] [id=837]
  0x00007fa850055000 ConcurrentGCThread "G1 Conc#0" [stack: 0x00007fa855119000,0x00007fa855219000] [id=838]

[error occurred during error reporting (printing all threads), id 0xe0000002]

VM state:not at safepoint (not fully initialized)

VM Mutex/Monitor currently owned by a thread:  ([mutex/lock_event])
[0x00007fa85000de90] Heap_lock - owner thread: 0x00007fa850011000

Heap address: 0x0000000080000000, size: 2048 MB, Compressed Oops mode: Non-zero based: 0x0000000080000000
Narrow klass base: 0x0000000000000000, Narrow klass shift: 0

GC Heap History (0 events):
No events

Deoptimization events (0 events):
No events

Classes redefined (0 events):
No events

Internal exceptions (0 events):
No events

Events (0 events):
No events


Dynamic libraries:
55bf8ee8d000-55bf8ee8e000 r-xp 00000000 08:01 273155                     /usr/lib/jvm/java-11-openjdk-amd64/bin/java
55bf8f08e000-55bf8f08f000 r--p 00001000 08:01 273155                     /usr/lib/jvm/java-11-openjdk-amd64/bin/java
55bf8f08f000-55bf8f090000 rw-p 00002000 08:01 273155                     /usr/lib/jvm/java-11-openjdk-amd64/bin/java
55bf9093d000-55bf9095e000 rw-p 00000000 00:00 0                          [heap]
7fa81c000000-7fa81c021000 rw-p 00000000 00:00 0 
7fa81c021000-7fa820000000 ---p 00000000 00:00 0 
7fa824000000-7fa824021000 rw-p 00000000 00:00 0 
7fa824021000-7fa828000000 ---p 00000000 00:00 0 
7fa828000000-7fa828021000 rw-p 00000000 00:00 0 
7fa828021000-7fa82c000000 ---p 00000000 00:00 0 
7fa82c000000-7fa82e000000 rw-p 00000000 00:00 0 
7fa82e000000-7fa830000000 ---p 00000000 00:00 0 
7fa830000000-7fa830021000 rw-p 00000000 00:00 0 
7fa830021000-7fa834000000 ---p 00000000 00:00 0 
7fa835b26000-7fa837b26000 ---p 00000000 00:00 0 
7fa837b26000-7fa837d96000 rwxp 00000000 00:00 0 
7fa837d96000-7fa8380b5000 ---p 00000000 00:00 0 
7fa8380b5000-7fa838325000 rwxp 00000000 00:00 0 
7fa838325000-7fa83f5ed000 ---p 00000000 00:00 0 
7fa83f5ed000-7fa83f85d000 rwxp 00000000 00:00 0 
7fa83f85d000-7fa846b26000 ---p 00000000 00:00 0 
7fa846b26000-7fa850000000 r--s 00000000 08:01 273330                     /usr/lib/jvm/java-11-openjdk-amd64/lib/modules
7fa850000000-7fa85006c000 rw-p 00000000 00:00 0 
7fa85006c000-7fa854000000 ---p 00000000 00:00 0 
7fa854f15000-7fa855117000 rw-p 00000000 00:00 0 
7fa855117000-7fa855118000 ---p 00000000 00:00 0 
7fa855118000-7fa855219000 rw-p 00000000 00:00 0 
7fa855219000-7fa85521a000 ---p 00000000 00:00 0 
7fa85521a000-7fa85531b000 rw-p 00000000 00:00 0 
7fa85531b000-7fa855f1b000 ---p 00000000 00:00 0 
7fa855f1b000-7fa85611d000 rw-p 00000000 00:00 0 
7fa85611d000-7fa85611e000 ---p 00000000 00:00 0 
7fa85611e000-7fa85621f000 rw-p 00000000 00:00 0 
7fa85621f000-7fa856220000 ---p 00000000 00:00 0 
7fa856220000-7fa856326000 rw-p 00000000 00:00 0 
7fa856326000-7fa85640c000 ---p 00000000 00:00 0 
7fa85640c000-7fa856411000 rw-p 00000000 00:00 0 
7fa856411000-7fa8564f7000 ---p 00000000 00:00 0 
7fa8564f7000-7fa8564fc000 r-xp 00000000 08:01 273312                     /usr/lib/jvm/java-11-openjdk-amd64/lib/libjimage.so
7fa8564fc000-7fa8566fb000 ---p 00005000 08:01 273312                     /usr/lib/jvm/java-11-openjdk-amd64/lib/libjimage.so
7fa8566fb000-7fa8566fc000 r--p 00004000 08:01 273312                     /usr/lib/jvm/java-11-openjdk-amd64/lib/libjimage.so
7fa8566fc000-7fa8566fd000 rw-p 00005000 08:01 273312                     /usr/lib/jvm/java-11-openjdk-amd64/lib/libjimage.so
7fa8566fd000-7fa856704000 r-xp 00000000 08:01 273329                     /usr/lib/jvm/java-11-openjdk-amd64/lib/libzip.so
7fa856704000-7fa856903000 ---p 00007000 08:01 273329                     /usr/lib/jvm/java-11-openjdk-amd64/lib/libzip.so
7fa856903000-7fa856904000 r--p 00006000 08:01 273329                     /usr/lib/jvm/java-11-openjdk-amd64/lib/libzip.so
7fa856904000-7fa856905000 rw-p 00007000 08:01 273329                     /usr/lib/jvm/java-11-openjdk-amd64/lib/libzip.so
7fa856905000-7fa856910000 r-xp 00000000 08:01 2083                       /lib/x86_64-linux-gnu/libnss_files-2.27.so
7fa856910000-7fa856b0f000 ---p 0000b000 08:01 2083                       /lib/x86_64-linux-gnu/libnss_files-2.27.so
7fa856b0f000-7fa856b10000 r--p 0000a000 08:01 2083                       /lib/x86_64-linux-gnu/libnss_files-2.27.so
7fa856b10000-7fa856b11000 rw-p 0000b000 08:01 2083                       /lib/x86_64-linux-gnu/libnss_files-2.27.so
7fa856b11000-7fa856b17000 rw-p 00000000 00:00 0 
7fa856b17000-7fa856b2e000 r-xp 00000000 08:01 2080                       /lib/x86_64-linux-gnu/libnsl-2.27.so
7fa856b2e000-7fa856d2d000 ---p 00017000 08:01 2080                       /lib/x86_64-linux-gnu/libnsl-2.27.so
7fa856d2d000-7fa856d2e000 r--p 00016000 08:01 2080                       /lib/x86_64-linux-gnu/libnsl-2.27.so
7fa856d2e000-7fa856d2f000 rw-p 00017000 08:01 2080                       /lib/x86_64-linux-gnu/libnsl-2.27.so
7fa856d2f000-7fa856d31000 rw-p 00000000 00:00 0 
7fa856d31000-7fa856d3c000 r-xp 00000000 08:01 2085                       /lib/x86_64-linux-gnu/libnss_nis-2.27.so
7fa856d3c000-7fa856f3b000 ---p 0000b000 08:01 2085                       /lib/x86_64-linux-gnu/libnss_nis-2.27.so
7fa856f3b000-7fa856f3c000 r--p 0000a000 08:01 2085                       /lib/x86_64-linux-gnu/libnss_nis-2.27.so
7fa856f3c000-7fa856f3d000 rw-p 0000b000 08:01 2085                       /lib/x86_64-linux-gnu/libnss_nis-2.27.so
7fa856f3d000-7fa856f45000 r-xp 00000000 08:01 2081                       /lib/x86_64-linux-gnu/libnss_compat-2.27.so
7fa856f45000-7fa857145000 ---p 00008000 08:01 2081                       /lib/x86_64-linux-gnu/libnss_compat-2.27.so
7fa857145000-7fa857146000 r--p 00008000 08:01 2081                       /lib/x86_64-linux-gnu/libnss_compat-2.27.so
7fa857146000-7fa857147000 rw-p 00009000 08:01 2081                       /lib/x86_64-linux-gnu/libnss_compat-2.27.so
7fa857147000-7fa857173000 r-xp 00000000 08:01 273308                     /usr/lib/jvm/java-11-openjdk-amd64/lib/libjava.so
7fa857173000-7fa857372000 ---p 0002c000 08:01 273308                     /usr/lib/jvm/java-11-openjdk-amd64/lib/libjava.so
7fa857372000-7fa857373000 r--p 0002b000 08:01 273308                     /usr/lib/jvm/java-11-openjdk-amd64/lib/libjava.so
7fa857373000-7fa857375000 rw-p 0002c000 08:01 273308                     /usr/lib/jvm/java-11-openjdk-amd64/lib/libjava.so
7fa857375000-7fa857382000 r-xp 00000000 08:01 273328                     /usr/lib/jvm/java-11-openjdk-amd64/lib/libverify.so
7fa857382000-7fa857581000 ---p 0000d000 08:01 273328                     /usr/lib/jvm/java-11-openjdk-amd64/lib/libverify.so
7fa857581000-7fa857583000 r--p 0000c000 08:01 273328                     /usr/lib/jvm/java-11-openjdk-amd64/lib/libverify.so
7fa857583000-7fa857584000 rw-p 0000e000 08:01 273328                     /usr/lib/jvm/java-11-openjdk-amd64/lib/libverify.so
7fa857584000-7fa85758b000 r-xp 00000000 08:01 2176                       /lib/x86_64-linux-gnu/librt-2.27.so
7fa85758b000-7fa85778a000 ---p 00007000 08:01 2176                       /lib/x86_64-linux-gnu/librt-2.27.so
7fa85778a000-7fa85778b000 r--p 00006000 08:01 2176                       /lib/x86_64-linux-gnu/librt-2.27.so
7fa85778b000-7fa85778c000 rw-p 00007000 08:01 2176                       /lib/x86_64-linux-gnu/librt-2.27.so
7fa85778c000-7fa8577a3000 r-xp 00000000 08:01 2061                       /lib/x86_64-linux-gnu/libgcc_s.so.1
7fa8577a3000-7fa8579a2000 ---p 00017000 08:01 2061                       /lib/x86_64-linux-gnu/libgcc_s.so.1
7fa8579a2000-7fa8579a3000 r--p 00016000 08:01 2061                       /lib/x86_64-linux-gnu/libgcc_s.so.1
7fa8579a3000-7fa8579a4000 rw-p 00017000 08:01 2061                       /lib/x86_64-linux-gnu/libgcc_s.so.1
7fa8579a4000-7fa857b41000 r-xp 00000000 08:01 2077                       /lib/x86_64-linux-gnu/libm-2.27.so
7fa857b41000-7fa857d40000 ---p 0019d000 08:01 2077                       /lib/x86_64-linux-gnu/libm-2.27.so
7fa857d40000-7fa857d41000 r--p 0019c000 08:01 2077                       /lib/x86_64-linux-gnu/libm-2.27.so
7fa857d41000-7fa857d42000 rw-p 0019d000 08:01 2077                       /lib/x86_64-linux-gnu/libm-2.27.so
7fa857d42000-7fa857ec0000 r-xp 00000000 08:01 6257                       /usr/lib/x86_64-linux-gnu/libstdc++.so.6.0.25
7fa857ec0000-7fa8580c0000 ---p 0017e000 08:01 6257                       /usr/lib/x86_64-linux-gnu/libstdc++.so.6.0.25
7fa8580c0000-7fa8580ca000 r--p 0017e000 08:01 6257                       /usr/lib/x86_64-linux-gnu/libstdc++.so.6.0.25
7fa8580ca000-7fa8580cc000 rw-p 00188000 08:01 6257                       /usr/lib/x86_64-linux-gnu/libstdc++.so.6.0.25
7fa8580cc000-7fa8580d0000 rw-p 00000000 00:00 0 
7fa8580d0000-7fa85906d000 r-xp 00000000 08:01 273335                     /usr/lib/jvm/java-11-openjdk-amd64/lib/server/libjvm.so
7fa85906d000-7fa85926d000 ---p 00f9d000 08:01 273335                     /usr/lib/jvm/java-11-openjdk-amd64/lib/server/libjvm.so
7fa85926d000-7fa859331000 r--p 00f9d000 08:01 273335                     /usr/lib/jvm/java-11-openjdk-amd64/lib/server/libjvm.so
7fa859331000-7fa859369000 rw-p 01061000 08:01 273335                     /usr/lib/jvm/java-11-openjdk-amd64/lib/server/libjvm.so
7fa859369000-7fa8593b2000 rw-p 00000000 00:00 0 
7fa8593b2000-7fa8593cc000 r-xp 00000000 08:01 2174                       /lib/x86_64-linux-gnu/libpthread-2.27.so
7fa8593cc000-7fa8595cb000 ---p 0001a000 08:01 2174                       /lib/x86_64-linux-gnu/libpthread-2.27.so
7fa8595cb000-7fa8595cc000 r--p 00019000 08:01 2174                       /lib/x86_64-linux-gnu/libpthread-2.27.so
7fa8595cc000-7fa8595cd000 rw-p 0001a000 08:01 2174                       /lib/x86_64-linux-gnu/libpthread-2.27.so
7fa8595cd000-7fa8595d1000 rw-p 00000000 00:00 0 
7fa8595d1000-7fa8595d4000 r-xp 00000000 08:01 2076                       /lib/x86_64-linux-gnu/libdl-2.27.so
7fa8595d4000-7fa8597d3000 ---p 00003000 08:01 2076                       /lib/x86_64-linux-gnu/libdl-2.27.so
7fa8597d3000-7fa8597d4000 r--p 00002000 08:01 2076                       /lib/x86_64-linux-gnu/libdl-2.27.so
7fa8597d4000-7fa8597d5000 rw-p 00003000 08:01 2076                       /lib/x86_64-linux-gnu/libdl-2.27.so
7fa8597d5000-7fa8597f1000 r-xp 00000000 08:01 2179                       /lib/x86_64-linux-gnu/libz.so.1.2.11
7fa8597f1000-7fa8599f0000 ---p 0001c000 08:01 2179                       /lib/x86_64-linux-gnu/libz.so.1.2.11
7fa8599f0000-7fa8599f1000 r--p 0001b000 08:01 2179                       /lib/x86_64-linux-gnu/libz.so.1.2.11
7fa8599f1000-7fa8599f2000 rw-p 0001c000 08:01 2179                       /lib/x86_64-linux-gnu/libz.so.1.2.11
7fa8599f2000-7fa859bd9000 r-xp 00000000 08:01 2073                       /lib/x86_64-linux-gnu/libc-2.27.so
7fa859bd9000-7fa859dd9000 ---p 001e7000 08:01 2073                       /lib/x86_64-linux-gnu/libc-2.27.so
7fa859dd9000-7fa859ddd000 r--p 001e7000 08:01 2073                       /lib/x86_64-linux-gnu/libc-2.27.so
7fa859ddd000-7fa859ddf000 rw-p 001eb000 08:01 2073                       /lib/x86_64-linux-gnu/libc-2.27.so
7fa859ddf000-7fa859de3000 rw-p 00000000 00:00 0 
7fa859de3000-7fa859df2000 r-xp 00000000 08:01 273293                     /usr/lib/jvm/java-11-openjdk-amd64/lib/jli/libjli.so
7fa859df2000-7fa859ff1000 ---p 0000f000 08:01 273293                     /usr/lib/jvm/java-11-openjdk-amd64/lib/jli/libjli.so
7fa859ff1000-7fa859ff2000 r--p 0000e000 08:01 273293                     /usr/lib/jvm/java-11-openjdk-amd64/lib/jli/libjli.so
7fa859ff2000-7fa859ff3000 rw-p 0000f000 08:01 273293                     /usr/lib/jvm/java-11-openjdk-amd64/lib/jli/libjli.so
7fa859ff3000-7fa85a01a000 r-xp 00000000 08:01 2069                       /lib/x86_64-linux-gnu/ld-2.27.so
7fa85a034000-7fa85a0fe000 rw-p 00000000 00:00 0 
7fa85a0fe000-7fa85a105000 ---p 00000000 00:00 0 
7fa85a105000-7fa85a10d000 rw-s 00000000 08:01 258360                     /tmp/hsperfdata_root/833
7fa85a10d000-7fa85a111000 ---p 00000000 00:00 0 
7fa85a111000-7fa85a210000 rw-p 00000000 00:00 0 
7fa85a215000-7fa85a216000 rw-p 00000000 00:00 0 
7fa85a216000-7fa85a217000 ---p 00000000 00:00 0 
7fa85a217000-7fa85a218000 r--p 00000000 00:00 0 
7fa85a218000-7fa85a21a000 rw-p 00000000 00:00 0 
7fa85a21a000-7fa85a21b000 r--p 00027000 08:01 2069                       /lib/x86_64-linux-gnu/ld-2.27.so
7fa85a21b000-7fa85a21c000 rw-p 00028000 08:01 2069                       /lib/x86_64-linux-gnu/ld-2.27.so
7fa85a21c000-7fa85a21d000 rw-p 00000000 00:00 0 
7ffed4750000-7ffed4771000 rw-p 00000000 00:00 0                          [stack]
7ffed47d3000-7ffed47d6000 r--p 00000000 00:00 0                          [vvar]
7ffed47d6000-7ffed47d8000 r-xp 00000000 00:00 0                          [vdso]
ffffffffff600000-ffffffffff601000 r-xp 00000000 00:00 0                  [vsyscall]


VM Arguments:
jvm_args: -Xms2G -Xmx2G 
java_command: server.jar nogui %
java_class_path (initial): server.jar
Launcher Type: SUN_STANDARD

Logging:
Log output configuration:
#0: stdout all=warning uptime,level,tags
#1: stderr all=off uptime,level,tags

Environment Variables:
PATH=/usr/local/sbin:/usr/local/bin:/usr/sbin:/usr/bin:/sbin:/bin:/usr/games:/usr/local/games:/snap/bin
SHELL=/bin/bash

Signal Handlers:
SIGSEGV: [libjvm.so+0xd28ad0], sa_mask[0]=11111111011111111101111111111110, sa_flags=SA_RESTART|SA_SIGINFO
SIGBUS: [libjvm.so+0xd28ad0], sa_mask[0]=11111111011111111101111111111110, sa_flags=SA_RESTART|SA_SIGINFO
SIGFPE: [libjvm.so+0xd28ad0], sa_mask[0]=11111111011111111101111111111110, sa_flags=SA_RESTART|SA_SIGINFO
SIGPIPE: [libjvm.so+0xb2a150], sa_mask[0]=11111111011111111101111111111110, sa_flags=SA_RESTART|SA_SIGINFO
SIGXFSZ: [libjvm.so+0xb2a150], sa_mask[0]=11111111011111111101111111111110, sa_flags=SA_RESTART|SA_SIGINFO
SIGILL: [libjvm.so+0xd28ad0], sa_mask[0]=11111111011111111101111111111110, sa_flags=SA_RESTART|SA_SIGINFO
SIGUSR2: [libjvm.so+0xb29f90], sa_mask[0]=00000000000000000000000000000000, sa_flags=SA_RESTART|SA_SIGINFO
SIGHUP: SIG_IGN, sa_mask[0]=00000000000000000000000000000000, sa_flags=none
SIGINT: SIG_DFL, sa_mask[0]=00000000000000000000000000000000, sa_flags=none
SIGTERM: SIG_DFL, sa_mask[0]=00000000000000000000000000000000, sa_flags=none
SIGQUIT: SIG_DFL, sa_mask[0]=00000000000000000000000000000000, sa_flags=none


---------------  S Y S T E M  ---------------

OS:DISTRIB_ID=Ubuntu
DISTRIB_RELEASE=18.04
DISTRIB_CODENAME=bionic
DISTRIB_DESCRIPTION="Ubuntu 18.04.1 LTS"
uname:Linux 4.15.0-1018-gcp #19-Ubuntu SMP Thu Aug 16 13:38:55 UTC 2018 x86_64
libc:glibc 2.27 NPTL 2.27 
rlimit: STACK 8192k, CORE 0k, NPROC 11904, NOFILE 1048576, AS infinity, DATA infinity, FSIZE infinity
load average:0.05 0.07 0.02

/proc/meminfo:
MemTotal:        3073408 kB
MemFree:          164444 kB
MemAvailable:     328084 kB
Buffers:           10928 kB
Cached:           270460 kB
SwapCached:            0 kB
Active:          2547576 kB
Inactive:         201004 kB
Active(anon):    2471676 kB
Inactive(anon):      528 kB
Active(file):      75900 kB
Inactive(file):   200476 kB
Unevictable:        5408 kB
Mlocked:            5408 kB
SwapTotal:             0 kB
SwapFree:              0 kB
Dirty:              4956 kB
Writeback:             0 kB
AnonPages:       2472716 kB
Mapped:            35656 kB
Shmem:               912 kB
Slab:              84952 kB
SReclaimable:      45972 kB
SUnreclaim:        38980 kB
KernelStack:        2548 kB
PageTables:         9800 kB
NFS_Unstable:          0 kB
Bounce:                0 kB
WritebackTmp:          0 kB
CommitLimit:     1536704 kB
Committed_AS:    2837532 kB
VmallocTotal:   34359738367 kB
VmallocUsed:           0 kB
VmallocChunk:          0 kB
HardwareCorrupted:     0 kB
AnonHugePages:         0 kB
ShmemHugePages:        0 kB
ShmemPmdMapped:        0 kB
CmaTotal:              0 kB
CmaFree:               0 kB
HugePages_Total:       0
HugePages_Free:        0
HugePages_Rsvd:        0
HugePages_Surp:        0
Hugepagesize:       2048 kB
DirectMap4k:      104396 kB
DirectMap2M:     3041280 kB
DirectMap1G:           0 kB

container (cgroup) information:
container_type: cgroupv1
cpu_cpuset_cpus: 0-1
cpu_memory_nodes: 0
active_processor_count: 2
cpu_quota: -1
cpu_period: 100000
cpu_shares: -1
memory_limit_in_bytes: -1
memory_and_swap_limit_in_bytes: -2
memory_soft_limit_in_bytes: -1
memory_usage_in_bytes: 2713116672
memory_max_usage_in_bytes: 2824863744


CPU:total 2 (initial active 2) (1 cores per cpu, 2 threads per core) family 6 model 85 stepping 3, cmov, cx8, fxsr, mmx, sse, sse2, sse3, ssse3, sse4.1, sse4.2, popcnt, avx, avx2, aes, clmul, erms, rtm, 3dnowpref, lzcnt, ht, tsc, tscinvbit, bmi1, bmi2, adx, evex, fma
CPU Model and flags from /proc/cpuinfo:
model name	: Intel(R) Xeon(R) CPU @ 2.00GHz
flags		: fpu vme de pse tsc msr pae mce cx8 apic sep mtrr pge mca cmov pat pse36 clflush mmx fxsr sse sse2 ss ht syscall nx pdpe1gb rdtscp lm constant_tsc rep_good nopl xtopology nonstop_tsc cpuid pni pclmulqdq ssse3 fma cx16 pcid sse4_1 sse4_2 x2apic movbe popcnt aes xsave avx f16c rdrand hypervisor lahf_lm abm 3dnowprefetch invpcid_single pti fsgsbase tsc_adjust bmi1 hle avx2 smep bmi2 erms invpcid rtm mpx avx512f avx512dq rdseed adx smap clflushopt clwb avx512cd avx512bw avx512vl xsaveopt xsavec xgetbv1 xsaves

Memory: 4k page, physical 3073408k(164444k free), swap 0k(0k free)

vm_info: OpenJDK 64-Bit Server VM (10.0.2+13-Ubuntu-1ubuntu0.18.04.1) for linux-amd64 JRE (10.0.2+13-Ubuntu-1ubuntu0.18.04.1), built on Aug  3 2018 01:53:46 by "buildd" with gcc 7.3.0

END.
